<?xml version="1.0" encoding="UTF-8" ?>
<testsuite tests="3" failures="3" name="com.domien.AppTest" time="5.818" errors="0" skipped="0">
  <properties>
[...]
</properties>
  <testcase classname="com.domien.AppTest" name="verifyThatWeCanFindUnitedStatesOfAmericaCountryUsingTheCodeUS" time="4.68">
    <failure message="1 expectation failed.
Expected status code &lt;202&gt; but was &lt;200&gt;.
" type="java.lang.AssertionError">java.lang.AssertionError: 1 expectation failed.
Expected status code &lt;202&gt; but was &lt;200&gt;.

	at io.restassured.internal.ResponseSpecificationImpl.validateResponseIfRequired(ResponseSpecificationImpl.groovy:636)
	at io.restassured.internal.ResponseSpecificationImpl.statusCode(ResponseSpecificationImpl.groovy:122)
	at io.restassured.internal.ResponseSpecificationImpl.statusCode(ResponseSpecificationImpl.groovy:130)
	at io.restassured.internal.ValidatableResponseOptionsImpl.statusCode(ValidatableResponseOptionsImpl.java:117)
	at com.domien.TestSteps.searchIsExecutedSuccesfully(TestSteps.java:20)
	at com.domien.AppTest.verifyThatWeCanFindUnitedStatesOfAmericaCountryUsingTheCodeUS(AppTest.java:20)
</failure>
    <system-err>218 [main] INFO net.serenitybdd.core.Serenity - 

-------------------------------------------------------------------------------------
     _______. _______ .______       _______ .__   __.  __  .___________.____    ____ 
    /       ||   ____||   _  \     |   ____||  \ |  | |  | |           |\   \  /   / 
   |   (----`|  |__   |  |_)  |    |  |__   |   \|  | |  | `---|  |----` \   \/   /  
    \   \    |   __|  |      /     |   __|  |  . `  | |  |     |  |       \_    _/   
.----)   |   |  |____ |  |\  \----.|  |____ |  |\   | |  |     |  |         |  |     
|_______/    |_______|| _| `._____||_______||__| \__| |__|     |__|         |__|    
-------------------------------------------------------------------------------------

343 [main] INFO net.serenitybdd.core.Serenity - Test Suite Started: App test
452 [main] INFO net.serenitybdd.core.Serenity - 
 _____ _____ ____ _____   ____ _____  _    ____ _____ _____ ____  
|_   _| ____/ ___|_   _| / ___|_   _|/ \  |  _ \_   _| ____|  _ \ 
  | | |  _| \___ \ | |   \___ \ | | / _ \ | |_) || | |  _| | | | |
  | | | |___ ___) || |    ___) || |/ ___ \|  _ &lt; | | | |___| |_| |
  |_| |_____|____/ |_|   |____/ |_/_/   \_\_| \_\|_| |_____|____/ 
                                                                  

TEST STARTED: verifyThatWeCanFindUnitedStatesOfAmericaCountryUsingTheCodeUS
-------------------------------------------------------------------
452 [main] INFO net.serenitybdd.core.Serenity - TEST NUMBER: 1
</system-err>
  </testcase>
  <testcase classname="com.domien.AppTest" name="verifyThatWeCanFindBrazilCountryUsingTheCodeBR" time="0.561">
    <failure message="1 expectation failed.
Expected status code &lt;202&gt; but was &lt;200&gt;.
" type="java.lang.AssertionError">java.lang.AssertionError: 1 expectation failed.
Expected status code &lt;202&gt; but was &lt;200&gt;.

	at io.restassured.internal.ResponseSpecificationImpl.validateResponseIfRequired(ResponseSpecificationImpl.groovy:636)
	at io.restassured.internal.ResponseSpecificationImpl.statusCode(ResponseSpecificationImpl.groovy:122)
	at io.restassured.internal.ResponseSpecificationImpl.statusCode(ResponseSpecificationImpl.groovy:130)
	at io.restassured.internal.ValidatableResponseOptionsImpl.statusCode(ValidatableResponseOptionsImpl.java:117)
	at com.domien.TestSteps.searchIsExecutedSuccesfully(TestSteps.java:20)
	at com.domien.AppTest.verifyThatWeCanFindBrazilCountryUsingTheCodeBR(AppTest.java:34)
</failure>
    <system-err>5038 [main] ERROR net.serenitybdd.core.Serenity - 
           __  _____ _____ ____ _____   _____ _    ___ _     _____ ____  
  _       / / |_   _| ____/ ___|_   _| |  ___/ \  |_ _| |   | ____|  _ \ 
 (_)_____| |    | | |  _| \___ \ | |   | |_ / _ \  | || |   |  _| | | | |
  _|_____| |    | | | |___ ___) || |   |  _/ ___ \ | || |___| |___| |_| |
 (_)     | |    |_| |_____|____/ |_|   |_|/_/   \_\___|_____|_____|____/ 
          \_\                                                            

TEST FAILED: Verify that we can find united states of america country using the code US
--------------------------------------------------------------------------
5147 [main] ERROR net.serenitybdd.core.Serenity - TEST FAILED AT STEP Search is executed succesfully
5147 [main] ERROR net.serenitybdd.core.Serenity - 1 expectation failed.Expected status code &lt;202&gt; but was &lt;200&gt;.
5147 [main] INFO net.serenitybdd.core.Serenity - 
 _____ _____ ____ _____   ____ _____  _    ____ _____ _____ ____  
|_   _| ____/ ___|_   _| / ___|_   _|/ \  |  _ \_   _| ____|  _ \ 
  | | |  _| \___ \ | |   \___ \ | | / _ \ | |_) || | |  _| | | | |
  | | | |___ ___) || |    ___) || |/ ___ \|  _ &lt; | | | |___| |_| |
  |_| |_____|____/ |_|   |____/ |_/_/   \_\_| \_\|_| |_____|____/ 
                                                                  

TEST STARTED: verifyThatWeCanFindBrazilCountryUsingTheCodeBR
-------------------------------------------------------------------
5147 [main] INFO net.serenitybdd.core.Serenity - TEST NUMBER: 2
</system-err>
  </testcase>
  <testcase classname="com.domien.AppTest" name="verifyThatWeCanFindIndiaCountryUsingTheCodeIN" time="0.577">
    <failure message="1 expectation failed.
Expected status code &lt;202&gt; but was &lt;200&gt;.
" type="java.lang.AssertionError">java.lang.AssertionError: 1 expectation failed.
Expected status code &lt;202&gt; but was &lt;200&gt;.

	at io.restassured.internal.ResponseSpecificationImpl.validateResponseIfRequired(ResponseSpecificationImpl.groovy:636)
	at io.restassured.internal.ResponseSpecificationImpl.statusCode(ResponseSpecificationImpl.groovy:122)
	at io.restassured.internal.ResponseSpecificationImpl.statusCode(ResponseSpecificationImpl.groovy:130)
	at io.restassured.internal.ValidatableResponseOptionsImpl.statusCode(ValidatableResponseOptionsImpl.java:117)
	at com.domien.TestSteps.searchIsExecutedSuccesfully(TestSteps.java:20)
	at com.domien.AppTest.verifyThatWeCanFindIndiaCountryUsingTheCodeIN(AppTest.java:27)
</failure>
    <system-err>5692 [main] ERROR net.serenitybdd.core.Serenity - 
           __  _____ _____ ____ _____   _____ _    ___ _     _____ ____  
  _       / / |_   _| ____/ ___|_   _| |  ___/ \  |_ _| |   | ____|  _ \ 
 (_)_____| |    | | |  _| \___ \ | |   | |_ / _ \  | || |   |  _| | | | |
  _|_____| |    | | | |___ ___) || |   |  _/ ___ \ | || |___| |___| |_| |
 (_)     | |    |_| |_____|____/ |_|   |_|/_/   \_\___|_____|_____|____/ 
          \_\                                                            

TEST FAILED: Verify that we can find brazil country using the code BR
--------------------------------------------------------------------------
5692 [main] ERROR net.serenitybdd.core.Serenity - TEST FAILED AT STEP Search is executed succesfully
5692 [main] ERROR net.serenitybdd.core.Serenity - 1 expectation failed.Expected status code &lt;202&gt; but was &lt;200&gt;.
5708 [main] INFO net.serenitybdd.core.Serenity - 
 _____ _____ ____ _____   ____ _____  _    ____ _____ _____ ____  
|_   _| ____/ ___|_   _| / ___|_   _|/ \  |  _ \_   _| ____|  _ \ 
  | | |  _| \___ \ | |   \___ \ | | / _ \ | |_) || | |  _| | | | |
  | | | |___ ___) || |    ___) || |/ ___ \|  _ &lt; | | | |___| |_| |
  |_| |_____|____/ |_|   |____/ |_/_/   \_\_| \_\|_| |_____|____/ 
                                                                  

TEST STARTED: verifyThatWeCanFindIndiaCountryUsingTheCodeIN
-------------------------------------------------------------------
5708 [main] INFO net.serenitybdd.core.Serenity - TEST NUMBER: 3
</system-err>
  </testcase>
</testsuite>